===== Application Startup at 2025-12-08 09:02:04 =====

{"timestamp": "2025-12-08T09:02:58.139437Z", "level": "INFO", "logger": "db_manager", "message": "Database manager initialized with database: data/api_monitor.db"}
INFO:backend.services.direct_model_loader:üöÄ Direct Model Loader initialized
INFO:backend.services.direct_model_loader:   Device: cpu
INFO:backend.services.direct_model_loader:   Cache directory: /root/.cache/huggingface
INFO:datasets:PyTorch version 2.1.1 available.
INFO:backend.services.dataset_loader:üöÄ Crypto Dataset Loader initialized
INFO:backend.services.dataset_loader:   Cache directory: /root/.cache/huggingface/datasets
/usr/local/lib/python3.10/site-packages/pydantic/_internal/_fields.py:149: UserWarning: Field "model_key" has conflict with protected namespace "model_".

You may be able to resolve this warning by setting `model_config['protected_namespaces'] = ()`.
  warnings.warn(
/usr/local/lib/python3.10/site-packages/pydantic/_internal/_fields.py:149: UserWarning: Field "model_name" has conflict with protected namespace "model_".

You may be able to resolve this warning by setting `model_config['protected_namespaces'] = ()`.
  warnings.warn(
INFO:backend.services.config_manager:Loading all configuration files...
INFO:backend.services.config_manager:Loaded config: scoring
INFO:backend.services.config_manager:Loaded config: strategy
INFO:backend.services.config_manager:Loaded 2 configuration files
INFO:backend.services.config_manager:Started watching directory: config
INFO:backend.services.dynamic_model_loader:‚úÖ Dynamic Models database initialized: data/dynamic_models.db
/usr/local/lib/python3.10/site-packages/pydantic/_internal/_fields.py:149: UserWarning: Field "model_id" has conflict with protected namespace "model_".

You may be able to resolve this warning by setting `model_config['protected_namespaces'] = ()`.
  warnings.warn(
INFO:hf_unified_server:‚úì ‚úÖ Futures Trading Router loaded
INFO:hf_unified_server:‚úì ‚úÖ AI & ML Router loaded
INFO:hf_unified_server:‚úì ‚úÖ Configuration Router loaded
INFO:hf_unified_server:‚úì ‚úÖ Multi-Source Fallback Router loaded (137+ sources)
INFO:hf_unified_server:‚úì ‚úÖ Trading & Backtesting Router loaded (Smart Exchange Integration)
INFO:hf_unified_server:‚úì ‚úÖ Resources Statistics Router loaded
INFO:backend.services.ai_service_unified:UnifiedAIService initialized - Environment: HF Space, Mode: API
INFO:hf_unified_server:‚úì ‚úÖ Market API Router loaded (Price, OHLC, Sentiment, WebSocket)
INFO:hf_unified_server:‚úì ‚úÖ Technical Analysis Router loaded (TA Quick, FA Eval, On-Chain Health, Risk Assessment, Comprehensive)
INFO:hf_unified_server:‚úì ‚úÖ Comprehensive Resources Router loaded (51+ FREE resources: Market Data, News, Sentiment, On-Chain, HF Datasets)
INFO:hf_unified_server:‚úì ‚úÖ Resource Hierarchy Router loaded (86+ resources in 5-level hierarchy - NO IDLE RESOURCES)
INFO:hf_unified_server:‚úì ‚úÖ Dynamic Model Loader Router loaded (Intelligent auto-detection & registration)
INFO:backend.services.ai_models_monitor:‚úÖ Database initialized: data/ai_models.db
INFO:hf_unified_server:‚úì ‚úÖ Real-Time Monitoring Router loaded (Animated Dashboard)
INFO:hf_unified_server:‚úÖ Unified Service API Server initialized (Multi-page architecture with WebSocket support)
INFO:     Started server process [1]
INFO:     Waiting for application startup.
INFO:hf_unified_server:üöÄ Starting HuggingFace Unified Server...
INFO:api.resources_monitor:Resources monitoring started (interval: 3600s)
INFO:hf_unified_server:‚úÖ Resources monitor started (checks every 1 hour)
INFO:     Application startup complete.
INFO:     Uvicorn running on http://0.0.0.0:7860 (Press CTRL+C to quit)
INFO:httpx:HTTP Request: GET https://api.coingecko.com/api/v3/coins/markets?vs_currency=usd&order=market_cap_desc&per_page=50&page=1&sparkline=false&price_change_percentage=24h "HTTP/1.1 200 OK"
INFO:backend.services.coingecko_client:‚úÖ CoinGecko: Fetched 50 real market prices
INFO:     10.20.34.97:20503 - "GET /api/coins/top?limit=50 HTTP/1.1" 200 OK
INFO:httpx:HTTP Request: GET https://api.coingecko.com/api/v3/coins/markets?vs_currency=usd&order=market_cap_desc&per_page=50&page=1&sparkline=false&price_change_percentage=24h "HTTP/1.1 200 OK"
INFO:backend.services.coingecko_client:‚úÖ CoinGecko: Fetched 50 real market prices
INFO:     10.20.38.235:38573 - "GET /api/coins/top?limit=50 HTTP/1.1" 200 OK
INFO:httpx:HTTP Request: GET https://api.coingecko.com/api/v3/coins/markets?vs_currency=usd&order=market_cap_desc&per_page=50&page=1&sparkline=false&price_change_percentage=24h "HTTP/1.1 200 OK"
INFO:backend.services.coingecko_client:‚úÖ CoinGecko: Fetched 50 real market prices
INFO:     10.20.34.97:2939 - "GET /api/coins/top?limit=50 HTTP/1.1" 200 OK
INFO:     10.20.34.97:50186 - "GET /api/health HTTP/1.1" 200 OK
INFO:     10.20.38.235:64398 - "GET / HTTP/1.1" 307 Temporary Redirect
INFO:     10.20.24.53:22839 - "GET / HTTP/1.1" 307 Temporary Redirect
INFO:     10.20.34.97:6947 - "GET /pages/dashboard/index.html HTTP/1.1" 200 OK
INFO:     10.20.38.235:64398 - "GET /assets/icons/crypto-icons.js HTTP/1.1" 200 OK
INFO:     10.20.24.53:22839 - "GET /js/api-config.js HTTP/1.1" 200 OK
INFO:     10.20.22.61:12297 - "GET /shared/js/utils/error-suppressor.js HTTP/1.1" 200 OK
INFO:     10.20.22.61:12297 - "GET /shared/css/design-system.css?v=3.0 HTTP/1.1" 200 OK
INFO:     10.20.34.97:6947 - "GET /shared/css/components.css HTTP/1.1" 200 OK
INFO:     10.20.38.235:64398 - "GET /shared/css/global.css?v=3.0 HTTP/1.1" 200 OK
INFO:     10.20.24.53:22839 - "GET /shared/css/layout.css HTTP/1.1" 200 OK
INFO:     10.20.22.61:12297 - "GET /shared/js/core/layout-manager.js?v=3.0 HTTP/1.1" 200 OK
INFO:     10.20.38.235:12685 - "GET /pages/dashboard/dashboard.css?v=3.0 HTTP/1.1" 200 OK
INFO:     10.20.34.97:6947 - "GET /shared/js/core/config.js HTTP/1.1" 200 OK
INFO:     10.20.22.61:12297 - "GET /shared/js/utils/logger.js HTTP/1.1" 200 OK
INFO:     10.20.38.235:12685 - "GET /shared/layouts/header.html HTTP/1.1" 200 OK
INFO:     10.20.24.53:22839 - "GET /shared/js/feature-detection.js HTTP/1.1" 200 OK
INFO:     10.20.34.97:6947 - "GET /api/health HTTP/1.1" 200 OK
INFO:     10.20.38.235:12685 - "GET /pages/dashboard/dashboard.js?v=3.0 HTTP/1.1" 200 OK
INFO:     10.20.22.61:12297 - "GET /shared/layouts/sidebar.html HTTP/1.1" 200 OK
INFO:     10.20.22.61:12297 - "GET /shared/js/api-client.js HTTP/1.1" 200 OK
INFO:     10.20.38.235:12685 - "GET /shared/js/utils/formatters.js HTTP/1.1" 200 OK
INFO:     10.20.34.97:6947 - "GET /api/resources/summary HTTP/1.1" 200 OK
INFO:httpx:HTTP Request: GET https://api.coingecko.com/api/v3/coins/markets?vs_currency=usd&order=market_cap_desc&per_page=10&page=1&sparkline=false&price_change_percentage=24h "HTTP/1.1 200 OK"
INFO:backend.services.coingecko_client:‚úÖ CoinGecko: Fetched 10 real market prices
INFO:     10.20.38.235:12685 - "GET /api/market?limit=50 HTTP/1.1" 200 OK
INFO:     10.20.38.235:46079 - "GET /api/models/status HTTP/1.1" 200 OK
INFO:     10.20.24.53:60513 - "GET /api/resources/stats HTTP/1.1" 200 OK
INFO:httpx:HTTP Request: GET https://min-api.cryptocompare.com/data/v2/news/?lang=EN "HTTP/1.1 200 OK"
INFO:     10.20.22.61:12297 - "GET /api/news/latest?limit=6 HTTP/1.1" 200 OK
INFO:     10.20.34.97:1955 - "GET /api/health HTTP/1.1" 200 OK
INFO:     10.20.38.235:27659 - "GET /shared/components/config-helper-modal.js HTTP/1.1" 200 OK
INFO:     10.20.34.97:1112 - "GET /api/models/status HTTP/1.1" 200 OK
INFO:     10.20.24.53:23360 - "GET /api/resources/summary HTTP/1.1" 200 OK
INFO:     10.20.38.235:9186 - "GET /api/resources/stats HTTP/1.1" 200 OK
INFO:httpx:HTTP Request: GET https://api.coingecko.com/api/v3/coins/markets?vs_currency=usd&order=market_cap_desc&per_page=10&page=1&sparkline=false&price_change_percentage=24h "HTTP/1.1 200 OK"
INFO:backend.services.coingecko_client:‚úÖ CoinGecko: Fetched 10 real market prices
INFO:     10.20.22.61:44350 - "GET /api/market?limit=50 HTTP/1.1" 200 OK
INFO:httpx:HTTP Request: GET https://min-api.cryptocompare.com/data/v2/news/?lang=EN "HTTP/1.1 200 OK"
INFO:     10.20.24.53:51782 - "GET /api/news/latest?limit=6 HTTP/1.1" 200 OK
INFO:     10.20.24.53:51336 - "GET /api/health HTTP/1.1" 200 OK
INFO:     10.20.34.97:1063 - "GET /api/models/status HTTP/1.1" 200 OK
INFO:     10.20.24.53:40808 - "GET /api/resources/summary HTTP/1.1" 200 OK
INFO:     10.20.22.61:59469 - "GET /api/resources/stats HTTP/1.1" 200 OK
INFO:httpx:HTTP Request: GET https://api.coingecko.com/api/v3/coins/markets?vs_currency=usd&order=market_cap_desc&per_page=10&page=1&sparkline=false&price_change_percentage=24h "HTTP/1.1 200 OK"
INFO:backend.services.coingecko_client:‚úÖ CoinGecko: Fetched 10 real market prices
INFO:     10.20.24.53:10947 - "GET /api/market?limit=50 HTTP/1.1" 200 OK
INFO:httpx:HTTP Request: GET https://min-api.cryptocompare.com/data/v2/news/?lang=EN "HTTP/1.1 200 OK"
INFO:     10.20.38.235:21045 - "GET /api/news/latest?limit=6 HTTP/1.1" 200 OK
INFO:     10.20.22.61:27952 - "GET /pages/market/index.html HTTP/1.1" 200 OK
INFO:     10.20.22.61:27952 - "GET /shared/css/layout.css HTTP/1.1" 304 Not Modified
INFO:     10.20.38.235:58006 - "GET /shared/css/components.css HTTP/1.1" 304 Not Modified
INFO:     10.20.34.97:16828 - "GET /pages/market/market-improvements.css HTTP/1.1" 200 OK
INFO:     10.20.34.97:27199 - "GET /js/api-config.js HTTP/1.1" 304 Not Modified
INFO:     10.20.38.235:27777 - "GET /shared/css/design-system.css HTTP/1.1" 200 OK
INFO:     10.20.34.97:22456 - "GET /pages/market/market.css HTTP/1.1" 200 OK
INFO:     10.20.22.61:33985 - "GET /shared/css/global.css HTTP/1.1" 200 OK
INFO:     10.20.24.53:43967 - "GET /shared/js/utils/error-suppressor.js HTTP/1.1" 304 Not Modified
INFO:     10.20.24.53:51695 - "GET /shared/css/utilities.css HTTP/1.1" 200 OK
INFO:     10.20.22.61:33985 - "GET /shared/js/core/layout-manager.js HTTP/1.1" 200 OK
INFO:     10.20.34.97:22456 - "GET /shared/js/core/config.js HTTP/1.1" 304 Not Modified
INFO:     10.20.22.61:33985 - "GET /shared/js/utils/logger.js HTTP/1.1" 304 Not Modified
INFO:     10.20.24.53:51695 - "GET /shared/layouts/header.html HTTP/1.1" 304 Not Modified
INFO:     10.20.38.235:27777 - "GET /shared/js/feature-detection.js HTTP/1.1" 304 Not Modified
INFO:     10.20.38.235:27777 - "GET /api/health HTTP/1.1" 200 OK
INFO:     10.20.24.53:51695 - "GET /shared/layouts/sidebar.html HTTP/1.1" 304 Not Modified
INFO:     10.20.22.61:33985 - "GET /pages/market/market-improved.js HTTP/1.1" 200 OK
INFO:     10.20.34.97:22456 - "GET /shared/js/utils/api-helper.js HTTP/1.1" 200 OK
INFO:httpx:HTTP Request: GET https://api.coingecko.com/api/v3/coins/markets?vs_currency=usd&order=market_cap_desc&per_page=50&page=1&sparkline=false&price_change_percentage=24h "HTTP/1.1 200 OK"
INFO:backend.services.coingecko_client:‚úÖ CoinGecko: Fetched 50 real market prices
INFO:     10.20.38.235:27777 - "GET /api/coins/top?limit=50 HTTP/1.1" 200 OK
INFO:httpx:HTTP Request: GET https://api.coingecko.com/api/v3/coins/markets?vs_currency=usd&order=market_cap_desc&per_page=50&page=1&sparkline=false&price_change_percentage=24h "HTTP/1.1 200 OK"
INFO:backend.services.coingecko_client:‚úÖ CoinGecko: Fetched 50 real market prices
INFO:     10.20.24.53:51695 - "GET /api/coins/top?limit=50 HTTP/1.1" 200 OK
INFO:     10.20.22.61:63721 - "GET /pages/chart/index.html?symbol=BTC HTTP/1.1" 404 Not Found
INFO:     10.20.38.235:9353 - "GET /api/health HTTP/1.1" 200 OK
INFO:httpx:HTTP Request: GET https://api.coingecko.com/api/v3/coins/markets?vs_currency=usd&order=market_cap_desc&per_page=50&page=1&sparkline=false&price_change_percentage=24h "HTTP/1.1 200 OK"
INFO:backend.services.coingecko_client:‚úÖ CoinGecko: Fetched 50 real market prices
INFO:     10.20.24.53:48550 - "GET /api/coins/top?limit=50 HTTP/1.1" 200 OK
INFO:httpx:HTTP Request: GET https://api.coingecko.com/api/v3/coins/markets?vs_currency=usd&order=market_cap_desc&per_page=50&page=1&sparkline=false&price_change_percentage=24h "HTTP/1.1 429 Too Many Requests"
ERROR:backend.services.coingecko_client:‚ùå CoinGecko API HTTP error: Client error '429 Too Many Requests' for url 'https://api.coingecko.com/api/v3/coins/markets?vs_currency=usd&order=market_cap_desc&per_page=50&page=1&sparkline=false&price_change_percentage=24h'
For more information check: https://developer.mozilla.org/en-US/docs/Web/HTTP/Status/429
ERROR:hf_unified_server:Failed to fetch top coins: 
INFO:     10.20.34.97:21497 - "GET /api/coins/top?limit=50 HTTP/1.1" 200 OK
INFO:     10.20.38.235:19155 - "GET /pages/models/index.html HTTP/1.1" 200 OK
INFO:     10.20.34.97:15603 - "GET /pages/models/models.css HTTP/1.1" 200 OK
INFO:     10.20.34.97:15603 - "GET /api/health HTTP/1.1" 200 OK
INFO:     10.20.24.53:52994 - "GET /pages/models/models.js HTTP/1.1" 200 OK
INFO:     10.20.38.235:19155 - "GET /shared/js/core/api-client.js HTTP/1.1" 200 OK
INFO:     10.20.24.53:52994 - "GET /shared/js/core/models-client.js HTTP/1.1" 200 OK
INFO:     10.20.34.97:15603 - "GET /api/models/list HTTP/1.1" 200 OK
INFO:     10.20.38.235:6909 - "POST /api/models/reinitialize HTTP/1.1" 404 Not Found
INFO:     10.20.34.97:54439 - "GET /api/models/list HTTP/1.1" 200 OK
INFO:     10.20.24.53:4593 - "GET /api/models/list HTTP/1.1" 200 OK
INFO:     10.20.38.235:61256 - "GET /pages/sentiment/index.html HTTP/1.1" 200 OK
INFO:     10.20.38.235:61256 - "GET /shared/css/layout.css HTTP/1.1" 304 Not Modified
INFO:     10.20.24.53:4593 - "GET /shared/css/design-system.css HTTP/1.1" 304 Not Modified
INFO:     10.20.22.61:2381 - "GET /shared/css/components.css HTTP/1.1" 304 Not Modified
INFO:     10.20.34.97:53542 - "GET /shared/css/global.css HTTP/1.1" 304 Not Modified
INFO:     10.20.38.235:57120 - "GET /js/trading-pairs-loader.js HTTP/1.1" 200 OK
INFO:     10.20.24.53:50283 - "GET /js/api-config.js HTTP/1.1" 304 Not Modified
INFO:     10.20.34.97:53159 - "GET /shared/css/utilities.css HTTP/1.1" 304 Not Modified
INFO:     10.20.22.61:54071 - "GET /pages/sentiment/sentiment.css HTTP/1.1" 200 OK
INFO:     10.20.24.53:50283 - "GET /shared/js/core/layout-manager.js HTTP/1.1" 304 Not Modified
INFO:     10.20.22.61:54071 - "GET /shared/js/utils/logger.js HTTP/1.1" 304 Not Modified
INFO:     10.20.38.235:57120 - "GET /shared/js/core/config.js HTTP/1.1" 304 Not Modified
INFO:     10.20.34.97:53159 - "GET /shared/layouts/header.html HTTP/1.1" 304 Not Modified
INFO:     10.20.24.53:50283 - "GET /shared/js/feature-detection.js HTTP/1.1" 304 Not Modified
INFO:     10.20.38.235:57120 - "GET /api/health HTTP/1.1" 200 OK
INFO:     10.20.24.53:50283 - "GET /data/cryptocurrencies.json HTTP/1.1" 200 OK
INFO:     10.20.34.97:53159 - "GET /shared/layouts/sidebar.html HTTP/1.1" 304 Not Modified
INFO:     10.20.38.235:57120 - "GET /pages/sentiment/sentiment.js HTTP/1.1" 200 OK
INFO:httpx:HTTP Request: GET https://api.alternative.me/fng/?limit=30 "HTTP/1.1 200 OK"
INFO:     10.20.34.97:53159 - "GET /api/sentiment/global HTTP/1.1" 200 OK
INFO:     10.20.34.97:2581 - "GET /api/sentiment/asset/BTC HTTP/1.1" 404 Not Found
INFO:backend.services.ai_service_unified:HF API client initialized
WARNING:backend.services.hf_inference_api_client:HF API error: HTTP 410: {"error":"https://api-inference.huggingface.co is no longer supported. Please use https://router.huggingface.co instead."}
WARNING:backend.services.hf_inference_api_client:HF API error: HTTP 410: {"error":"https://api-inference.huggingface.co is no longer supported. Please use https://router.huggingface.co instead."}
INFO:     10.20.22.61:1977 - "POST /api/sentiment/analyze HTTP/1.1" 200 OK
INFO:     10.20.24.53:29498 - "GET /pages/ai-analyst/index.html HTTP/1.1" 200 OK
INFO:     10.20.34.97:55388 - "GET /pages/ai-analyst/ai-analyst.css HTTP/1.1" 200 OK
INFO:     10.20.22.61:30847 - "GET /pages/ai-analyst/ai-analyst.js HTTP/1.1" 200 OK
INFO:     10.20.24.53:29498 - "GET /api/models/list HTTP/1.1" 200 OK
INFO:     10.20.38.235:20792 - "GET /api/health HTTP/1.1" 200 OK
INFO:     10.20.34.97:36108 - "POST /api/ai/decision HTTP/1.1" 200 OK
INFO:httpx:HTTP Request: GET https://api.binance.com/api/v3/klines?symbol=BTCUSDT&interval=1h&limit=100 "HTTP/1.1 451 "
WARNING:backend.services.binance_client:‚ö†Ô∏è Binance: HTTP 451 - Access restricted (geo-blocking or legal restrictions) for BTCUSDT. Consider using alternative data sources or VPN.
WARNING:backend.routers.market_api:‚ö†Ô∏è Binance failed for BTC/1h: 
INFO:httpx:HTTP Request: GET https://huggingface.co/datasets/linxy/CryptoCoin/resolve/main/BTC_1h.csv "HTTP/1.1 404 Not Found"
WARNING:backend.services.hf_dataset_aggregator:‚ö†Ô∏è linxy/CryptoCoin failed for BTC/1h: Client error '404 Not Found' for url 'https://huggingface.co/datasets/linxy/CryptoCoin/resolve/main/BTC_1h.csv'
For more information check: https://developer.mozilla.org/en-US/docs/Web/HTTP/Status/404
INFO:httpx:HTTP Request: GET https://huggingface.co/datasets/WinkingFace/CryptoLM-Bitcoin-BTC-USDT/resolve/main/BTCUSDT_1h.csv "HTTP/1.1 404 Not Found"
WARNING:backend.services.hf_dataset_aggregator:‚ö†Ô∏è Failed to fetch BTCUSDT_1h.csv: Client error '404 Not Found' for url 'https://huggingface.co/datasets/WinkingFace/CryptoLM-Bitcoin-BTC-USDT/resolve/main/BTCUSDT_1h.csv'
For more information check: https://developer.mozilla.org/en-US/docs/Web/HTTP/Status/404
INFO:httpx:HTTP Request: GET https://huggingface.co/datasets/WinkingFace/CryptoLM-Bitcoin-BTC-USDT/resolve/main/data.csv "HTTP/1.1 404 Not Found"
WARNING:backend.services.hf_dataset_aggregator:‚ö†Ô∏è Failed to fetch data.csv: Client error '404 Not Found' for url 'https://huggingface.co/datasets/WinkingFace/CryptoLM-Bitcoin-BTC-USDT/resolve/main/data.csv'
For more information check: https://developer.mozilla.org/en-US/docs/Web/HTTP/Status/404
INFO:httpx:HTTP Request: GET https://huggingface.co/datasets/WinkingFace/CryptoLM-Bitcoin-BTC-USDT/resolve/main/BTCUSDT_1h.csv "HTTP/1.1 404 Not Found"
WARNING:backend.services.hf_dataset_aggregator:‚ö†Ô∏è Failed to fetch BTCUSDT_1h.csv: Client error '404 Not Found' for url 'https://huggingface.co/datasets/WinkingFace/CryptoLM-Bitcoin-BTC-USDT/resolve/main/BTCUSDT_1h.csv'
For more information check: https://developer.mozilla.org/en-US/docs/Web/HTTP/Status/404
WARNING:backend.services.hf_dataset_aggregator:‚ö†Ô∏è WinkingFace failed for BTC: No data found for BTC in WinkingFace datasets
WARNING:backend.routers.market_api:‚ö†Ô∏è HuggingFace Datasets failed for BTC/1h: 
INFO:     10.20.22.61:14623 - "GET /api/market/ohlc?symbol=BTC&interval=1h&limit=100 HTTP/1.1" 404 Not Found
INFO:     10.20.38.235:34950 - "GET /api/ohlcv?symbol=BTC&timeframe=1h&limit=100 HTTP/1.1" 404 Not Found
INFO:     10.20.34.97:47241 - "GET /api/health HTTP/1.1" 200 OK
INFO:     10.20.24.53:62186 - "GET /api/health HTTP/1.1" 200 OK
INFO:     10.20.24.53:57058 - "GET /api/health HTTP/1.1" 200 OK
INFO:     10.20.34.97:25895 - "GET /api/health HTTP/1.1" 200 OK
INFO:     10.20.34.97:64929 - "GET /system-monitor HTTP/1.1" 200 OK
INFO:     10.20.34.97:64929 - "GET /pages/system-monitor/system-monitor.css?v=2.0 HTTP/1.1" 200 OK
INFO:     10.20.22.61:56718 - "GET /shared/css/design-system.css?v=3.0 HTTP/1.1" 304 Not Modified
INFO:     10.20.22.61:6971 - "GET /shared/css/layout.css HTTP/1.1" 304 Not Modified
INFO:     10.20.24.53:11957 - "GET /shared/css/components.css HTTP/1.1" 304 Not Modified
INFO:     10.20.38.235:2705 - "GET /shared/css/global.css?v=3.0 HTTP/1.1" 304 Not Modified
INFO:     10.20.38.235:2705 - "GET /shared/js/core/layout-manager.js?v=3.0 HTTP/1.1" 304 Not Modified
INFO:     10.20.34.97:64929 - "GET /shared/js/utils/logger.js HTTP/1.1" 304 Not Modified
INFO:     10.20.24.53:11957 - "GET /shared/js/core/config.js HTTP/1.1" 304 Not Modified
INFO:     10.20.38.235:2705 - "GET /shared/layouts/header.html HTTP/1.1" 304 Not Modified
INFO:     10.20.22.61:6971 - "GET /shared/js/feature-detection.js HTTP/1.1" 304 Not Modified
INFO:     10.20.24.53:11957 - "GET /api/health HTTP/1.1" 200 OK
INFO:     10.20.34.97:64929 - "GET /shared/layouts/sidebar.html HTTP/1.1" 304 Not Modified
INFO:     10.20.22.61:6971 - "GET /pages/system-monitor/system-monitor.js?v=2.0 HTTP/1.1" 200 OK
{"timestamp": "2025-12-08T09:09:32.998144Z", "level": "ERROR", "logger": "realtime_monitoring", "message": "Error getting system status: '_GeneratorContextManager' object has no attribute 'close'", "exception": "Traceback (most recent call last):\n  File \"/app/backend/routers/realtime_monitoring_api.py\", line 67, in get_system_status\n    providers = session.query(Provider).all()\nAttributeError: '_GeneratorContextManager' object has no attribute 'query'\n\nDuring handling of the above exception, another exception occurred:\n\nTraceback (most recent call last):\n  File \"/app/backend/routers/realtime_monitoring_api.py\", line 94, in get_system_status\n    session.close()\nAttributeError: '_GeneratorContextManager' object has no attribute 'close'"}
INFO:     10.20.38.235:2705 - "GET /api/monitoring/status HTTP/1.1" 200 OK
INFO:     10.20.24.53:11957 - "WebSocket /api/monitoring/ws" [accepted]
{"timestamp": "2025-12-08T09:09:34.017677Z", "level": "INFO", "logger": "realtime_monitoring", "message": "WebSocket connected. Total connections: 1"}
{"timestamp": "2025-12-08T09:09:34.018290Z", "level": "ERROR", "logger": "realtime_monitoring", "message": "Error getting system status: '_GeneratorContextManager' object has no attribute 'close'", "exception": "Traceback (most recent call last):\n  File \"/app/backend/routers/realtime_monitoring_api.py\", line 67, in get_system_status\n    providers = session.query(Provider).all()\nAttributeError: '_GeneratorContextManager' object has no attribute 'query'\n\nDuring handling of the above exception, another exception occurred:\n\nTraceback (most recent call last):\n  File \"/app/backend/routers/realtime_monitoring_api.py\", line 94, in get_system_status\n    session.close()\nAttributeError: '_GeneratorContextManager' object has no attribute 'close'"}
INFO:     connection open
{"timestamp": "2025-12-08T09:09:38.045140Z", "level": "ERROR", "logger": "realtime_monitoring", "message": "Error getting system status: '_GeneratorContextManager' object has no attribute 'close'", "exception": "Traceback (most recent call last):\n  File \"/app/backend/routers/realtime_monitoring_api.py\", line 67, in get_system_status\n    providers = session.query(Provider).all()\nAttributeError: '_GeneratorContextManager' object has no attribute 'query'\n\nDuring handling of the above exception, another exception occurred:\n\nTraceback (most recent call last):\n  File \"/app/backend/routers/realtime_monitoring_api.py\", line 94, in get_system_status\n    session.close()\nAttributeError: '_GeneratorContextManager' object has no attribute 'close'"}
INFO:     10.20.24.53:41358 - "GET /api/monitoring/status HTTP/1.1" 200 OK
{"timestamp": "2025-12-08T09:09:43.016614Z", "level": "ERROR", "logger": "realtime_monitoring", "message": "Error getting system status: '_GeneratorContextManager' object has no attribute 'close'", "exception": "Traceback (most recent call last):\n  File \"/app/backend/routers/realtime_monitoring_api.py\", line 67, in get_system_status\n    providers = session.query(Provider).all()\nAttributeError: '_GeneratorContextManager' object has no attribute 'query'\n\nDuring handling of the above exception, another exception occurred:\n\nTraceback (most recent call last):\n  File \"/app/backend/routers/realtime_monitoring_api.py\", line 94, in get_system_status\n    session.close()\nAttributeError: '_GeneratorContextManager' object has no attribute 'close'"}
INFO:     10.20.22.61:57551 - "GET /api/monitoring/status HTTP/1.1" 200 OK
{"timestamp": "2025-12-08T09:09:48.018444Z", "level": "ERROR", "logger": "realtime_monitoring", "message": "Error getting system status: '_GeneratorContextManager' object has no attribute 'close'", "exception": "Traceback (most recent call last):\n  File \"/app/backend/routers/realtime_monitoring_api.py\", line 67, in get_system_status\n    providers = session.query(Provider).all()\nAttributeError: '_GeneratorContextManager' object has no attribute 'query'\n\nDuring handling of the above exception, another exception occurred:\n\nTraceback (most recent call last):\n  File \"/app/backend/routers/realtime_monitoring_api.py\", line 94, in get_system_status\n    session.close()\nAttributeError: '_GeneratorContextManager' object has no attribute 'close'"}
INFO:     10.20.24.53:21278 - "GET /api/monitoring/status HTTP/1.1" 200 OK
{"timestamp": "2025-12-08T09:09:53.053109Z", "level": "ERROR", "logger": "realtime_monitoring", "message": "Error getting system status: '_GeneratorContextManager' object has no attribute 'close'", "exception": "Traceback (most recent call last):\n  File \"/app/backend/routers/realtime_monitoring_api.py\", line 67, in get_system_status\n    providers = session.query(Provider).all()\nAttributeError: '_GeneratorContextManager' object has no attribute 'query'\n\nDuring handling of the above exception, another exception occurred:\n\nTraceback (most recent call last):\n  File \"/app/backend/routers/realtime_monitoring_api.py\", line 94, in get_system_status\n    session.close()\nAttributeError: '_GeneratorContextManager' object has no attribute 'close'"}
INFO:     10.20.24.53:23229 - "GET /api/monitoring/status HTTP/1.1" 200 OK
INFO:     connection closed
{"timestamp": "2025-12-08T09:09:53.956796Z", "level": "INFO", "logger": "realtime_monitoring", "message": "WebSocket disconnected"}
{"timestamp": "2025-12-08T09:09:53.956894Z", "level": "INFO", "logger": "realtime_monitoring", "message": "WebSocket removed. Total connections: 0"}
INFO:     10.20.34.97:39644 - "GET /pages/providers/index.html HTTP/1.1" 200 OK
INFO:     10.20.34.97:39644 - "GET /shared/css/design-system.css HTTP/1.1" 304 Not Modified
INFO:     10.20.24.53:23229 - "GET /js/api-config.js HTTP/1.1" 304 Not Modified
INFO:     10.20.22.61:41415 - "GET /shared/css/utilities.css HTTP/1.1" 304 Not Modified
INFO:     10.20.38.235:49301 - "GET /shared/css/global.css HTTP/1.1" 304 Not Modified
INFO:     10.20.34.97:39644 - "GET /pages/providers/providers.css HTTP/1.1" 200 OK
INFO:     10.20.24.53:23229 - "GET /shared/js/core/layout-manager.js HTTP/1.1" 304 Not Modified
INFO:     10.20.22.61:41415 - "GET /api/health HTTP/1.1" 200 OK
INFO:     10.20.38.235:49301 - "GET /pages/providers/providers.js HTTP/1.1" 200 OK
INFO:     10.20.34.97:39644 - "GET /api/resources/stats HTTP/1.1" 200 OK
INFO:     10.20.24.53:23229 - "GET /api/providers HTTP/1.1" 200 OK
INFO:     10.20.38.235:65153 - "GET /pages/news/index.html HTTP/1.1" 200 OK
INFO:     10.20.24.53:19715 - "GET /pages/news/news.css HTTP/1.1" 200 OK
INFO:     10.20.24.53:19715 - "GET /api/health HTTP/1.1" 200 OK
INFO:     10.20.34.97:35176 - "GET /pages/news/news.js HTTP/1.1" 200 OK
INFO:     10.20.22.61:24789 - "GET /pages/news/news-config.js HTTP/1.1" 200 OK
INFO:     10.20.34.97:35176 - "GET /api/news?limit=100 HTTP/1.1" 404 Not Found
INFO:httpx:HTTP Request: GET https://min-api.cryptocompare.com/data/v2/news/?lang=EN "HTTP/1.1 200 OK"
INFO:     10.20.22.61:24789 - "GET /api/news/latest?limit=100 HTTP/1.1" 200 OK
INFO:     10.20.24.53:32845 - "GET /pages/trading-assistant/index.html HTTP/1.1" 200 OK
INFO:     10.20.24.53:32845 - "GET /shared/js/utils/sanitizer.js HTTP/1.1" 200 OK
INFO:     10.20.34.97:8711 - "GET /pages/trading-assistant/trading-assistant-professional.js HTTP/1.1" 200 OK
INFO:     10.20.34.97:41845 - "GET /pages/trading-assistant/trading-assistant.css HTTP/1.1" 200 OK
INFO:     10.20.38.235:61645 - "GET /shared/js/layouts/sidebar.js HTTP/1.1" 200 OK
INFO:     10.20.22.61:27411 - "GET /shared/js/layouts/header.js HTTP/1.1" 200 OK
INFO:     10.20.22.61:3606 - "GET /pages/trading-assistant/enhanced-typography.css HTTP/1.1" 200 OK
INFO:     10.20.38.235:61645 - "GET /pages/trading-assistant/hts-engine.js HTTP/1.1" 200 OK
INFO:backend.services.hf_unified_client:üöÄ HuggingFace Unified Client initialized
INFO:backend.services.hf_unified_client:   Base URL: https://really-amin-datasourceforcryptocurrency.hf.space
INFO:backend.services.hf_unified_client:   Auth: ‚úÖ Token configured
INFO:httpx:HTTP Request: GET https://really-amin-datasourceforcryptocurrency.hf.space/api/market?limit=1&symbols=BTCUSDT "HTTP/1.1 200 OK"
INFO:backend.services.hf_unified_client:üíæ Cache SET: 8e676b9e48b117b3a6e994760395b5c8 (ttl: 30s)
INFO:backend.services.hf_unified_client:‚úÖ HF Request: GET /api/market (attempt 1/3)
INFO:backend.routers.unified_service_api:üîÑ Trying fallback provider: coingecko for rate
INFO:httpx:HTTP Request: GET https://api.coingecko.com/api/v3/simple/price?ids=bitcoin&vs_currencies=usd "HTTP/1.1 200 OK"
INFO:backend.routers.unified_service_api:‚úÖ Fallback coingecko succeeded for rate
INFO:backend.routers.unified_service_api:‚úÖ Persisted rate data to DB from coingecko
INFO:     10.20.22.61:27411 - "GET /api/service/rate?pair=BTC%2FUSDT HTTP/1.1" 200 OK
INFO:httpx:HTTP Request: GET https://really-amin-datasourceforcryptocurrency.hf.space/api/market?limit=1&symbols=ETHUSDT "HTTP/1.1 200 OK"
INFO:backend.services.hf_unified_client:üíæ Cache SET: 2aa7339f98549860f159a782c57b153c (ttl: 30s)
INFO:backend.services.hf_unified_client:‚úÖ HF Request: GET /api/market (attempt 1/3)
INFO:backend.routers.unified_service_api:üîÑ Trying fallback provider: coingecko for rate
INFO:httpx:HTTP Request: GET https://api.coingecko.com/api/v3/simple/price?ids=ethereum&vs_currencies=usd "HTTP/1.1 200 OK"
INFO:backend.routers.unified_service_api:‚úÖ Fallback coingecko succeeded for rate
INFO:backend.routers.unified_service_api:‚úÖ Persisted rate data to DB from coingecko
INFO:     10.20.34.97:41845 - "GET /api/service/rate?pair=ETH%2FUSDT HTTP/1.1" 200 OK
INFO:httpx:HTTP Request: GET https://really-amin-datasourceforcryptocurrency.hf.space/api/market?limit=1&symbols=BNBUSDT "HTTP/1.1 200 OK"
INFO:backend.services.hf_unified_client:üíæ Cache SET: 3e3bb6148576e87138e69dea215ac1dc (ttl: 30s)
INFO:backend.services.hf_unified_client:‚úÖ HF Request: GET /api/market (attempt 1/3)
INFO:backend.routers.unified_service_api:üîÑ Trying fallback provider: coingecko for rate
INFO:httpx:HTTP Request: GET https://api.coingecko.com/api/v3/simple/price?ids=binancecoin&vs_currencies=usd "HTTP/1.1 200 OK"
INFO:backend.routers.unified_service_api:‚úÖ Fallback coingecko succeeded for rate
INFO:backend.routers.unified_service_api:‚úÖ Persisted rate data to DB from coingecko
INFO:     10.20.22.61:27411 - "GET /api/service/rate?pair=BNB%2FUSDT HTTP/1.1" 200 OK
INFO:httpx:HTTP Request: GET https://really-amin-datasourceforcryptocurrency.hf.space/api/market?limit=1&symbols=SOLUSDT "HTTP/1.1 200 OK"
INFO:backend.services.hf_unified_client:üíæ Cache SET: 4c70b7b7920339984744fb9b5fa68efe (ttl: 30s)
INFO:backend.services.hf_unified_client:‚úÖ HF Request: GET /api/market (attempt 1/3)
INFO:backend.routers.unified_service_api:üîÑ Trying fallback provider: coingecko for rate
INFO:httpx:HTTP Request: GET https://api.coingecko.com/api/v3/simple/price?ids=sol&vs_currencies=usd "HTTP/1.1 200 OK"
INFO:backend.routers.unified_service_api:‚úÖ Fallback coingecko succeeded for rate
INFO:backend.routers.unified_service_api:‚úÖ Persisted rate data to DB from coingecko
INFO:     10.20.22.61:27411 - "GET /api/service/rate?pair=SOL%2FUSDT HTTP/1.1" 200 OK
INFO:httpx:HTTP Request: GET https://really-amin-datasourceforcryptocurrency.hf.space/api/market?limit=1&symbols=ADAUSDT "HTTP/1.1 200 OK"
INFO:backend.services.hf_unified_client:üíæ Cache SET: 1a111fa13a19b265b704dfa1f734e44d (ttl: 30s)
INFO:backend.services.hf_unified_client:‚úÖ HF Request: GET /api/market (attempt 1/3)
INFO:backend.routers.unified_service_api:üîÑ Trying fallback provider: coingecko for rate
INFO:httpx:HTTP Request: GET https://api.coingecko.com/api/v3/simple/price?ids=ada&vs_currencies=usd "HTTP/1.1 200 OK"
INFO:backend.routers.unified_service_api:‚úÖ Fallback coingecko succeeded for rate
INFO:backend.routers.unified_service_api:‚úÖ Persisted rate data to DB from coingecko
INFO:     10.20.38.235:61645 - "GET /api/service/rate?pair=ADA%2FUSDT HTTP/1.1" 200 OK
INFO:httpx:HTTP Request: GET https://really-amin-datasourceforcryptocurrency.hf.space/api/market?limit=1&symbols=XRPUSDT "HTTP/1.1 200 OK"
INFO:backend.services.hf_unified_client:üíæ Cache SET: f584c387f12e0c3ee29b4f8a0ed2548c (ttl: 30s)
INFO:backend.services.hf_unified_client:‚úÖ HF Request: GET /api/market (attempt 1/3)
INFO:backend.routers.unified_service_api:üîÑ Trying fallback provider: coingecko for rate
INFO:httpx:HTTP Request: GET https://api.coingecko.com/api/v3/simple/price?ids=xrp&vs_currencies=usd "HTTP/1.1 429 Too Many Requests"
WARNING:backend.routers.unified_service_api:‚ö†Ô∏è Fallback coingecko failed for rate: Client error '429 Too Many Requests' for url 'https://api.coingecko.com/api/v3/simple/price?ids=xrp&vs_currencies=usd'
For more information check: https://developer.mozilla.org/en-US/docs/Web/HTTP/Status/429
INFO:backend.routers.unified_service_api:üîÑ Trying fallback provider: binance for rate
INFO:httpx:HTTP Request: GET https://api.binance.com/api/v3/ticker/price?symbol=XRPUSDT "HTTP/1.1 451 "
WARNING:backend.routers.unified_service_api:‚ö†Ô∏è Fallback binance failed for rate: Client error '451 ' for url 'https://api.binance.com/api/v3/ticker/price?symbol=XRPUSDT'
For more information check: https://developer.mozilla.org/en-US/docs/Web/HTTP/Status/451
INFO:backend.routers.unified_service_api:üîÑ Trying fallback provider: coinmarketcap for rate
INFO:httpx:HTTP Request: GET https://pro-api.coinmarketcap.com/v1/cryptocurrency/quotes/latest?symbol=XRP&convert=USD "HTTP/1.1 200 OK"
WARNING:backend.routers.unified_service_api:‚ö†Ô∏è Fallback coinmarketcap failed for rate: 0
INFO:backend.routers.unified_service_api:üîÑ Trying fallback provider: coinpaprika for rate
INFO:httpx:HTTP Request: GET https://api.coinpaprika.com/v1/tickers/xrp-xrp "HTTP/1.1 200 OK"
INFO:backend.routers.unified_service_api:‚úÖ Fallback coinpaprika succeeded for rate
INFO:backend.routers.unified_service_api:‚úÖ Persisted rate data to DB from coinpaprika
INFO:     10.20.34.97:41845 - "GET /api/service/rate?pair=XRP%2FUSDT HTTP/1.1" 200 OK
INFO:httpx:HTTP Request: GET https://really-amin-datasourceforcryptocurrency.hf.space/api/market?limit=1&symbols=DOTUSDT "HTTP/1.1 200 OK"
INFO:backend.services.hf_unified_client:üíæ Cache SET: 5cb64a42479bf0fd9ff82d8b1d0f5ee6 (ttl: 30s)
INFO:backend.services.hf_unified_client:‚úÖ HF Request: GET /api/market (attempt 1/3)
INFO:backend.routers.unified_service_api:üîÑ Trying fallback provider: coingecko for rate
INFO:httpx:HTTP Request: GET https://api.coingecko.com/api/v3/simple/price?ids=dot&vs_currencies=usd "HTTP/1.1 429 Too Many Requests"
WARNING:backend.routers.unified_service_api:‚ö†Ô∏è Fallback coingecko failed for rate: Client error '429 Too Many Requests' for url 'https://api.coingecko.com/api/v3/simple/price?ids=dot&vs_currencies=usd'
For more information check: https://developer.mozilla.org/en-US/docs/Web/HTTP/Status/429
INFO:backend.routers.unified_service_api:üîÑ Trying fallback provider: binance for rate
INFO:httpx:HTTP Request: GET https://api.binance.com/api/v3/ticker/price?symbol=DOTUSDT "HTTP/1.1 451 "
WARNING:backend.routers.unified_service_api:‚ö†Ô∏è Fallback binance failed for rate: Client error '451 ' for url 'https://api.binance.com/api/v3/ticker/price?symbol=DOTUSDT'
For more information check: https://developer.mozilla.org/en-US/docs/Web/HTTP/Status/451
INFO:backend.routers.unified_service_api:üîÑ Trying fallback provider: coinmarketcap for rate
INFO:httpx:HTTP Request: GET https://pro-api.coinmarketcap.com/v1/cryptocurrency/quotes/latest?symbol=DOT&convert=USD "HTTP/1.1 200 OK"
WARNING:backend.routers.unified_service_api:‚ö†Ô∏è Fallback coinmarketcap failed for rate: 0
INFO:backend.routers.unified_service_api:üîÑ Trying fallback provider: coinpaprika for rate
INFO:httpx:HTTP Request: GET https://api.coinpaprika.com/v1/tickers/dot-dot "HTTP/1.1 404 Not Found"
WARNING:backend.routers.unified_service_api:‚ö†Ô∏è Fallback coinpaprika failed for rate: Client error '404 Not Found' for url 'https://api.coinpaprika.com/v1/tickers/dot-dot'
For more information check: https://developer.mozilla.org/en-US/docs/Web/HTTP/Status/404
INFO:backend.routers.unified_service_api:üîÑ Trying fallback provider: coincap for rate
WARNING:backend.routers.unified_service_api:‚ö†Ô∏è Fallback coincap failed for rate: [Errno -2] Name or service not known
INFO:     10.20.38.235:61645 - "GET /api/service/rate?pair=DOT%2FUSDT HTTP/1.1" 200 OK
INFO:httpx:HTTP Request: GET https://really-amin-datasourceforcryptocurrency.hf.space/api/market?limit=1&symbols=AVAXUSDT "HTTP/1.1 200 OK"
INFO:backend.services.hf_unified_client:üíæ Cache SET: b42122c7ec80a13e8fbdba2b4b33a5dd (ttl: 30s)
INFO:backend.services.hf_unified_client:‚úÖ HF Request: GET /api/market (attempt 1/3)
INFO:backend.routers.unified_service_api:üîÑ Trying fallback provider: coingecko for rate
INFO:httpx:HTTP Request: GET https://api.coingecko.com/api/v3/simple/price?ids=avax&vs_currencies=usd "HTTP/1.1 429 Too Many Requests"
WARNING:backend.routers.unified_service_api:‚ö†Ô∏è Fallback coingecko failed for rate: Client error '429 Too Many Requests' for url 'https://api.coingecko.com/api/v3/simple/price?ids=avax&vs_currencies=usd'
For more information check: https://developer.mozilla.org/en-US/docs/Web/HTTP/Status/429
INFO:backend.routers.unified_service_api:üîÑ Trying fallback provider: binance for rate
INFO:httpx:HTTP Request: GET https://api.binance.com/api/v3/ticker/price?symbol=AVAXUSDT "HTTP/1.1 451 "
WARNING:backend.routers.unified_service_api:‚ö†Ô∏è Fallback binance failed for rate: Client error '451 ' for url 'https://api.binance.com/api/v3/ticker/price?symbol=AVAXUSDT'
For more information check: https://developer.mozilla.org/en-US/docs/Web/HTTP/Status/451
INFO:backend.routers.unified_service_api:üîÑ Trying fallback provider: coinmarketcap for rate
INFO:httpx:HTTP Request: GET https://pro-api.coinmarketcap.com/v1/cryptocurrency/quotes/latest?symbol=AVAX&convert=USD "HTTP/1.1 200 OK"
WARNING:backend.routers.unified_service_api:‚ö†Ô∏è Fallback coinmarketcap failed for rate: 0
INFO:backend.routers.unified_service_api:üîÑ Trying fallback provider: coinpaprika for rate
INFO:httpx:HTTP Request: GET https://api.coinpaprika.com/v1/tickers/avax-avax "HTTP/1.1 404 Not Found"
WARNING:backend.routers.unified_service_api:‚ö†Ô∏è Fallback coinpaprika failed for rate: Client error '404 Not Found' for url 'https://api.coinpaprika.com/v1/tickers/avax-avax'
For more information check: https://developer.mozilla.org/en-US/docs/Web/HTTP/Status/404
INFO:backend.routers.unified_service_api:üîÑ Trying fallback provider: coincap for rate
WARNING:backend.routers.unified_service_api:‚ö†Ô∏è Fallback coincap failed for rate: [Errno -2] Name or service not known
INFO:     10.20.24.53:38855 - "GET /api/service/rate?pair=AVAX%2FUSDT HTTP/1.1" 200 OK
INFO:     10.20.24.53:38855 - "GET /pages/technical-analysis/index.html HTTP/1.1" 200 OK
INFO:httpx:HTTP Request: GET https://really-amin-datasourceforcryptocurrency.hf.space/api/market?limit=1&symbols=MATICUSDT "HTTP/1.1 200 OK"
INFO:backend.services.hf_unified_client:üíæ Cache SET: dad06d018448d70adb81cc1a3e6f2644 (ttl: 30s)
INFO:backend.services.hf_unified_client:‚úÖ HF Request: GET /api/market (attempt 1/3)
INFO:backend.routers.unified_service_api:üîÑ Trying fallback provider: coingecko for rate
INFO:httpx:HTTP Request: GET https://api.coingecko.com/api/v3/simple/price?ids=matic&vs_currencies=usd "HTTP/1.1 429 Too Many Requests"
WARNING:backend.routers.unified_service_api:‚ö†Ô∏è Fallback coingecko failed for rate: Client error '429 Too Many Requests' for url 'https://api.coingecko.com/api/v3/simple/price?ids=matic&vs_currencies=usd'
For more information check: https://developer.mozilla.org/en-US/docs/Web/HTTP/Status/429
INFO:backend.routers.unified_service_api:üîÑ Trying fallback provider: binance for rate
INFO:httpx:HTTP Request: GET https://api.binance.com/api/v3/ticker/price?symbol=MATICUSDT "HTTP/1.1 451 "
WARNING:backend.routers.unified_service_api:‚ö†Ô∏è Fallback binance failed for rate: Client error '451 ' for url 'https://api.binance.com/api/v3/ticker/price?symbol=MATICUSDT'
For more information check: https://developer.mozilla.org/en-US/docs/Web/HTTP/Status/451
INFO:backend.routers.unified_service_api:üîÑ Trying fallback provider: coinmarketcap for rate
INFO:     10.20.24.53:38855 - "GET /pages/technical-analysis/technical-analysis-professional.js HTTP/1.1" 200 OK
INFO:     10.20.38.235:61645 - "GET /pages/technical-analysis/technical-analysis-enhanced.css HTTP/1.1" 200 OK
INFO:     10.20.22.61:9758 - "GET /pages/technical-analysis/technical-analysis.css HTTP/1.1" 200 OK
INFO:     10.20.34.97:14223 - "GET /shared/js/components/toast.js HTTP/1.1" 200 OK
INFO:httpx:HTTP Request: GET https://pro-api.coinmarketcap.com/v1/cryptocurrency/quotes/latest?symbol=MATIC&convert=USD "HTTP/1.1 200 OK"
WARNING:backend.routers.unified_service_api:‚ö†Ô∏è Fallback coinmarketcap failed for rate: 0
INFO:backend.routers.unified_service_api:üîÑ Trying fallback provider: coinpaprika for rate
INFO:httpx:HTTP Request: GET https://api.coinpaprika.com/v1/tickers/matic-matic "HTTP/1.1 200 OK"
INFO:backend.routers.unified_service_api:‚úÖ Fallback coinpaprika succeeded for rate
INFO:backend.routers.unified_service_api:‚úÖ Persisted rate data to DB from coinpaprika
INFO:     10.20.34.97:4158 - "GET /pages/ai-analyst/index.html HTTP/1.1" 304 Not Modified
INFO:     10.20.38.235:5669 - "GET /shared/css/layout.css HTTP/1.1" 304 Not Modified
INFO:     10.20.22.61:19153 - "GET /shared/css/components.css HTTP/1.1" 304 Not Modified
INFO:     10.20.24.53:28955 - "GET /pages/ai-analyst/ai-analyst.css HTTP/1.1" 304 Not Modified
INFO:     10.20.22.61:19153 - "GET /pages/ai-analyst/ai-analyst.js HTTP/1.1" 304 Not Modified
INFO:     10.20.34.97:4158 - "GET /shared/js/core/config.js HTTP/1.1" 304 Not Modified
INFO:     10.20.38.235:5669 - "GET /shared/js/utils/logger.js HTTP/1.1" 304 Not Modified
INFO:     10.20.34.97:4158 - "GET /shared/layouts/header.html HTTP/1.1" 304 Not Modified
INFO:     10.20.24.53:28955 - "GET /shared/js/feature-detection.js HTTP/1.1" 304 Not Modified
INFO:     10.20.22.61:19153 - "GET /api/health HTTP/1.1" 200 OK
INFO:     10.20.38.235:5669 - "GET /api/models/list HTTP/1.1" 200 OK
INFO:     10.20.34.97:4158 - "GET /shared/layouts/sidebar.html HTTP/1.1" 304 Not Modified
INFO:     10.20.34.97:41660 - "POST /api/ai/decision HTTP/1.1" 200 OK
INFO:httpx:HTTP Request: GET https://api.binance.com/api/v3/klines?symbol=BTCUSDT&interval=1h&limit=100 "HTTP/1.1 451 "
WARNING:backend.services.binance_client:‚ö†Ô∏è Binance: HTTP 451 - Access restricted (geo-blocking or legal restrictions) for BTCUSDT. Consider using alternative data sources or VPN.
WARNING:backend.routers.market_api:‚ö†Ô∏è Binance failed for BTC/1h: 
INFO:httpx:HTTP Request: GET https://huggingface.co/datasets/linxy/CryptoCoin/resolve/main/BTC_1h.csv "HTTP/1.1 404 Not Found"
WARNING:backend.services.hf_dataset_aggregator:‚ö†Ô∏è linxy/CryptoCoin failed for BTC/1h: Client error '404 Not Found' for url 'https://huggingface.co/datasets/linxy/CryptoCoin/resolve/main/BTC_1h.csv'
For more information check: https://developer.mozilla.org/en-US/docs/Web/HTTP/Status/404
INFO:httpx:HTTP Request: GET https://huggingface.co/datasets/WinkingFace/CryptoLM-Bitcoin-BTC-USDT/resolve/main/BTCUSDT_1h.csv "HTTP/1.1 404 Not Found"
WARNING:backend.services.hf_dataset_aggregator:‚ö†Ô∏è Failed to fetch BTCUSDT_1h.csv: Client error '404 Not Found' for url 'https://huggingface.co/datasets/WinkingFace/CryptoLM-Bitcoin-BTC-USDT/resolve/main/BTCUSDT_1h.csv'
For more information check: https://developer.mozilla.org/en-US/docs/Web/HTTP/Status/404
INFO:httpx:HTTP Request: GET https://huggingface.co/datasets/WinkingFace/CryptoLM-Bitcoin-BTC-USDT/resolve/main/data.csv "HTTP/1.1 404 Not Found"
WARNING:backend.services.hf_dataset_aggregator:‚ö†Ô∏è Failed to fetch data.csv: Client error '404 Not Found' for url 'https://huggingface.co/datasets/WinkingFace/CryptoLM-Bitcoin-BTC-USDT/resolve/main/data.csv'
For more information check: https://developer.mozilla.org/en-US/docs/Web/HTTP/Status/404
INFO:httpx:HTTP Request: GET https://huggingface.co/datasets/WinkingFace/CryptoLM-Bitcoin-BTC-USDT/resolve/main/BTCUSDT_1h.csv "HTTP/1.1 404 Not Found"
WARNING:backend.services.hf_dataset_aggregator:‚ö†Ô∏è Failed to fetch BTCUSDT_1h.csv: Client error '404 Not Found' for url 'https://huggingface.co/datasets/WinkingFace/CryptoLM-Bitcoin-BTC-USDT/resolve/main/BTCUSDT_1h.csv'
For more information check: https://developer.mozilla.org/en-US/docs/Web/HTTP/Status/404
WARNING:backend.services.hf_dataset_aggregator:‚ö†Ô∏è WinkingFace failed for BTC: No data found for BTC in WinkingFace datasets
WARNING:backend.routers.market_api:‚ö†Ô∏è HuggingFace Datasets failed for BTC/1h: 
INFO:     10.20.22.61:40467 - "GET /api/market/ohlc?symbol=BTC&interval=1h&limit=100 HTTP/1.1" 404 Not Found
INFO:     10.20.22.61:40467 - "GET /api/ohlcv?symbol=BTC&timeframe=1h&limit=100 HTTP/1.1" 404 Not Found
INFO:     10.20.34.97:33262 - "GET /api/health HTTP/1.1" 200 OK
INFO:     10.16.13.79:6443 - "GET / HTTP/1.1" 307 Temporary Redirect
INFO:     10.16.37.13:25719 - "GET /pages/dashboard/index.html HTTP/1.1" 200 OK
INFO:     10.20.24.53:22844 - "GET / HTTP/1.1" 307 Temporary Redirect
INFO:     10.20.34.97:63727 - "GET /pages/dashboard/index.html HTTP/1.1" 304 Not Modified
INFO:     10.20.24.53:22844 - "GET /assets/icons/crypto-icons.js HTTP/1.1" 304 Not Modified
INFO:     10.20.38.235:49723 - "GET /js/api-config.js HTTP/1.1" 304 Not Modified
INFO:     10.20.22.61:7587 - "GET /shared/js/utils/error-suppressor.js HTTP/1.1" 304 Not Modified
INFO:     10.20.38.235:49723 - "GET /shared/css/components.css HTTP/1.1" 304 Not Modified
INFO:     10.20.22.61:7587 - "GET /shared/css/global.css?v=3.0 HTTP/1.1" 304 Not Modified
INFO:     10.20.34.97:63727 - "GET /shared/css/design-system.css?v=3.0 HTTP/1.1" 304 Not Modified
INFO:     10.20.24.53:22844 - "GET /shared/css/layout.css HTTP/1.1" 304 Not Modified
INFO:     10.20.34.97:63727 - "GET /pages/dashboard/dashboard.css?v=3.0 HTTP/1.1" 304 Not Modified
INFO:     10.20.22.61:7587 - "GET /shared/js/core/layout-manager.js?v=3.0 HTTP/1.1" 304 Not Modified
INFO:     10.20.24.53:22844 - "GET /shared/js/core/config.js HTTP/1.1" 304 Not Modified
INFO:     10.20.34.97:63727 - "GET /shared/js/utils/logger.js HTTP/1.1" 304 Not Modified
INFO:     10.20.38.235:49723 - "GET /shared/js/feature-detection.js HTTP/1.1" 304 Not Modified
INFO:     10.20.22.61:7587 - "GET /shared/layouts/header.html HTTP/1.1" 304 Not Modified
INFO:     10.20.34.97:63727 - "GET /api/health HTTP/1.1" 200 OK
INFO:     10.20.22.61:7587 - "GET /pages/dashboard/dashboard.js?v=3.0 HTTP/1.1" 304 Not Modified
INFO:     10.20.38.235:49723 - "GET /shared/layouts/sidebar.html HTTP/1.1" 304 Not Modified
INFO:     10.20.24.53:22844 - "GET /shared/js/utils/formatters.js HTTP/1.1" 304 Not Modified
INFO:     10.20.34.97:63727 - "GET /shared/js/api-client.js HTTP/1.1" 304 Not Modified
INFO:     10.20.34.97:63727 - "GET /api/resources/stats HTTP/1.1" 200 OK
INFO:     10.20.22.61:7587 - "GET /api/resources/summary HTTP/1.1" 200 OK
INFO:     10.20.24.53:22844 - "GET /api/models/status HTTP/1.1" 200 OK
INFO:httpx:HTTP Request: GET https://api.coingecko.com/api/v3/coins/markets?vs_currency=usd&order=market_cap_desc&per_page=10&page=1&sparkline=false&price_change_percentage=24h "HTTP/1.1 200 OK"
INFO:backend.services.coingecko_client:‚úÖ CoinGecko: Fetched 10 real market prices
INFO:     10.20.38.235:49723 - "GET /api/market?limit=50 HTTP/1.1" 200 OK
INFO:httpx:HTTP Request: GET https://min-api.cryptocompare.com/data/v2/news/?lang=EN "HTTP/1.1 200 OK"
INFO:     10.20.22.61:43447 - "GET /api/news/latest?limit=6 HTTP/1.1" 200 OK
INFO:     10.20.34.97:11783 - "GET /api/health HTTP/1.1" 200 OK
INFO:     10.20.24.53:1116 - "GET /api/models/status HTTP/1.1" 200 OK
INFO:     10.20.22.61:11857 - "GET /api/resources/summary HTTP/1.1" 200 OK
INFO:     10.20.22.61:30027 - "GET /api/resources/stats HTTP/1.1" 200 OK
INFO:httpx:HTTP Request: GET https://api.coingecko.com/api/v3/coins/markets?vs_currency=usd&order=market_cap_desc&per_page=10&page=1&sparkline=false&price_change_percentage=24h "HTTP/1.1 200 OK"
INFO:backend.services.coingecko_client:‚úÖ CoinGecko: Fetched 10 real market prices
INFO:     10.20.38.235:26408 - "GET /api/market?limit=50 HTTP/1.1" 200 OK
INFO:httpx:HTTP Request: GET https://min-api.cryptocompare.com/data/v2/news/?lang=EN "HTTP/1.1 200 OK"
INFO:     10.20.34.97:56635 - "GET /api/news/latest?limit=6 HTTP/1.1" 200 OK
INFO:     10.20.22.61:42851 - "GET /pages/models/index.html HTTP/1.1" 304 Not Modified
INFO:     10.20.22.61:42851 - "GET /shared/css/global.css HTTP/1.1" 304 Not Modified
INFO:     10.20.38.235:1072 - "GET /shared/css/design-system.css HTTP/1.1" 304 Not Modified
INFO:     10.20.24.53:50457 - "GET /shared/css/utilities.css HTTP/1.1" 304 Not Modified
INFO:     10.20.34.97:12514 - "GET /pages/models/models.css HTTP/1.1" 304 Not Modified
INFO:     10.20.38.235:1072 - "GET /shared/js/core/layout-manager.js HTTP/1.1" 304 Not Modified
INFO:     10.20.22.61:42851 - "GET /api/health HTTP/1.1" 200 OK
INFO:     10.20.38.235:1072 - "GET /pages/models/models.js HTTP/1.1" 304 Not Modified
INFO:     10.20.24.53:50457 - "GET /shared/js/utils/api-helper.js HTTP/1.1" 304 Not Modified
INFO:     10.20.34.97:12514 - "GET /shared/js/core/models-client.js HTTP/1.1" 304 Not Modified
INFO:     10.20.22.61:42851 - "GET /shared/js/core/api-client.js HTTP/1.1" 304 Not Modified
INFO:     10.20.34.97:12514 - "GET /api/models/list HTTP/1.1" 200 OK
INFO:     10.20.24.53:40082 - "POST /api/models/reinitialize HTTP/1.1" 404 Not Found
INFO:     10.20.24.53:19556 - "GET /api/health HTTP/1.1" 200 OK
INFO:     10.20.34.97:61493 - "GET /pages/sentiment/index.html HTTP/1.1" 304 Not Modified
INFO:     10.20.34.97:61493 - "GET /shared/css/components.css HTTP/1.1" 304 Not Modified
INFO:     10.20.38.235:36541 - "GET /js/api-config.js HTTP/1.1" 304 Not Modified
INFO:     10.20.22.61:61138 - "GET /pages/sentiment/sentiment.css HTTP/1.1" 304 Not Modified
INFO:     10.20.24.53:35810 - "GET /shared/css/layout.css HTTP/1.1" 304 Not Modified
INFO:     10.20.22.61:49137 - "GET /js/trading-pairs-loader.js HTTP/1.1" 304 Not Modified
INFO:     10.20.24.53:35810 - "GET /shared/js/utils/logger.js HTTP/1.1" 304 Not Modified
INFO:     10.20.34.97:61493 - "GET /shared/js/core/config.js HTTP/1.1" 304 Not Modified
INFO:     10.20.38.235:36541 - "GET /shared/js/feature-detection.js HTTP/1.1" 304 Not Modified
INFO:     10.20.24.53:35810 - "GET /shared/layouts/header.html HTTP/1.1" 304 Not Modified
INFO:     10.20.34.97:61493 - "GET /api/health HTTP/1.1" 200 OK
INFO:     10.20.22.61:49137 - "GET /data/cryptocurrencies.json HTTP/1.1" 304 Not Modified
INFO:     10.20.38.235:36541 - "GET /shared/layouts/sidebar.html HTTP/1.1" 304 Not Modified
INFO:     10.20.24.53:35810 - "GET /pages/sentiment/sentiment.js HTTP/1.1" 304 Not Modified
INFO:httpx:HTTP Request: GET https://api.alternative.me/fng/?limit=30 "HTTP/1.1 200 OK"
INFO:     10.20.34.97:61493 - "GET /api/sentiment/global HTTP/1.1" 200 OK
INFO:     10.20.34.97:5257 - "GET /pages/ai-analyst/index.html HTTP/1.1" 304 Not Modified
INFO:     10.20.24.53:59713 - "GET /pages/ai-analyst/ai-analyst.css HTTP/1.1" 304 Not Modified
INFO:     10.20.22.61:1318 - "GET /pages/ai-analyst/ai-analyst.js HTTP/1.1" 304 Not Modified
INFO:     10.20.24.53:59713 - "GET /api/models/list HTTP/1.1" 200 OK
INFO:     10.20.38.235:33123 - "GET /api/health HTTP/1.1" 200 OK
INFO:     10.20.24.53:59713 - "POST /api/ai/decision HTTP/1.1" 200 OK
INFO:httpx:HTTP Request: GET https://api.binance.com/api/v3/klines?symbol=BTCUSDT&interval=1h&limit=100 "HTTP/1.1 451 "
WARNING:backend.services.binance_client:‚ö†Ô∏è Binance: HTTP 451 - Access restricted (geo-blocking or legal restrictions) for BTCUSDT. Consider using alternative data sources or VPN.
WARNING:backend.routers.market_api:‚ö†Ô∏è Binance failed for BTC/1h: 
INFO:httpx:HTTP Request: GET https://huggingface.co/datasets/linxy/CryptoCoin/resolve/main/BTC_1h.csv "HTTP/1.1 404 Not Found"
WARNING:backend.services.hf_dataset_aggregator:‚ö†Ô∏è linxy/CryptoCoin failed for BTC/1h: Client error '404 Not Found' for url 'https://huggingface.co/datasets/linxy/CryptoCoin/resolve/main/BTC_1h.csv'
For more information check: https://developer.mozilla.org/en-US/docs/Web/HTTP/Status/404
INFO:httpx:HTTP Request: GET https://huggingface.co/datasets/WinkingFace/CryptoLM-Bitcoin-BTC-USDT/resolve/main/BTCUSDT_1h.csv "HTTP/1.1 404 Not Found"
WARNING:backend.services.hf_dataset_aggregator:‚ö†Ô∏è Failed to fetch BTCUSDT_1h.csv: Client error '404 Not Found' for url 'https://huggingface.co/datasets/WinkingFace/CryptoLM-Bitcoin-BTC-USDT/resolve/main/BTCUSDT_1h.csv'
For more information check: https://developer.mozilla.org/en-US/docs/Web/HTTP/Status/404
INFO:httpx:HTTP Request: GET https://huggingface.co/datasets/WinkingFace/CryptoLM-Bitcoin-BTC-USDT/resolve/main/data.csv "HTTP/1.1 404 Not Found"
WARNING:backend.services.hf_dataset_aggregator:‚ö†Ô∏è Failed to fetch data.csv: Client error '404 Not Found' for url 'https://huggingface.co/datasets/WinkingFace/CryptoLM-Bitcoin-BTC-USDT/resolve/main/data.csv'
For more information check: https://developer.mozilla.org/en-US/docs/Web/HTTP/Status/404
INFO:httpx:HTTP Request: GET https://huggingface.co/datasets/WinkingFace/CryptoLM-Bitcoin-BTC-USDT/resolve/main/BTCUSDT_1h.csv "HTTP/1.1 404 Not Found"
WARNING:backend.services.hf_dataset_aggregator:‚ö†Ô∏è Failed to fetch BTCUSDT_1h.csv: Client error '404 Not Found' for url 'https://huggingface.co/datasets/WinkingFace/CryptoLM-Bitcoin-BTC-USDT/resolve/main/BTCUSDT_1h.csv'
For more information check: https://developer.mozilla.org/en-US/docs/Web/HTTP/Status/404
WARNING:backend.services.hf_dataset_aggregator:‚ö†Ô∏è WinkingFace failed for BTC: No data found for BTC in WinkingFace datasets
WARNING:backend.routers.market_api:‚ö†Ô∏è HuggingFace Datasets failed for BTC/1h: 
INFO:     10.20.22.61:1318 - "GET /api/market/ohlc?symbol=BTC&interval=1h&limit=100 HTTP/1.1" 404 Not Found
INFO:     10.20.24.53:59713 - "GET /api/ohlcv?symbol=BTC&timeframe=1h&limit=100 HTTP/1.1" 404 Not Found
INFO:     10.20.22.61:14964 - "GET /api/health HTTP/1.1" 200 OK
INFO:     10.20.24.53:18180 - "GET /api/health HTTP/1.1" 200 OK
INFO:     10.20.34.97:2468 - "GET /api/health HTTP/1.1" 200 OK
INFO:     10.20.38.235:23016 - "GET /api/health HTTP/1.1" 200 OK
INFO:     10.20.24.53:51427 - "GET /api/health HTTP/1.1" 200 OK
INFO:     10.20.22.61:8373 - "GET /api/health HTTP/1.1" 200 OKai-analyst.js:291  GET https://really-amin-datasourceforcryptocurrency-2.hf.space/api/market/ohlc?symbol=BTC&interval=1h&limit=100 404 (Not Found)
analyzeAsset @ ai-analyst.js:291
await in analyzeAsset
(anonymous) @ ai-analyst.js:149
  GET https://really-amin-datasourceforcryptocurrency-2.hf.space/api/market/ohlc?symbol=BTC&interval=1h&limit=100 404 (Not Found)
analyzeAsset @ ai-analyst.js:291
await in analyzeAsset
(anonymous) @ ai-analyst.js:149
ai-analyst.js:297  GET https://really-amin-datasourceforcryptocurrency-2.hf.space/api/ohlcv?symbol=BTC&timeframe=1h&limit=100 404 (Not Found)
analyzeAsset @ ai-analyst.js:297
await in analyzeAsset
(anonymous) @ ai-analyst.js:149
  GET https://really-amin-datasourceforcryptocurrency-2.hf.space/api/ohlcv?symbol=BTC&timeframe=1h&limit=100 404 (Not Found)
analyzeAsset @ ai-analyst.js:297
await in analyzeAsset
(anonymous) @ ai-analyst.js:149models.js:571  POST https://really-amin-datasourceforcryptocurrency-2.hf.space/api/models/reinitialize 404 (Not Found)
reinitializeAll @ models.js:571
(anonymous) @ models.js:81
layout-manager.js:86 [Models] Re-initialize error: Error: HTTP 404
    at ModelsPage.reinitializeAll (models.js:581:15)
console.error @ layout-manager.js:86
reinitializeAll @ models.js:584
await in reinitializeAll
(anonymous) @ models.js:81
models.js:571  POST https://really-amin-datasourceforcryptocurrency-2.hf.space/api/models/reinitialize 404 (Not Found)
reinitializeAll @ models.js:571
(anonymous) @ models.js:81
  POST https://really-amin-datasourceforcryptocurrency-2.hf.space/api/models/reinitialize 404 (Not Found)
reinitializeAll @ models.js:571
(anonymous) @ models.js:81
layout-manager.js:86 [Models] Re-initialize error: Error: HTTP 404
    at ModelsPage.reinitializeAll (models.js:581:15)
console.error @ layout-manager.js:86
reinitializeAll @ models.js:584
await in reinitializeAll
(anonymous) @ models.js:81
ai-analyst.js:291  GET https://really-amin-datasourceforcryptocurrency-2.hf.space/api/market/ohlc?symbol=BTC&interval=1h&limit=100 404 (Not Found)
analyzeAsset @ ai-analyst.js:291
await in analyzeAsset
(anonymous) @ ai-analyst.js:149
ai-analyst.js:297  GET https://really-amin-datasourceforcryptocurrency-2.hf.space/api/ohlcv?symbol=BTC&timeframe=1h&limit=100 404 (Not Found)
analyzeAsset @ ai-analyst.js:297
await in analyzeAsset
(anonymous) @ ai-analyst.js:149


 